<?xml version="1.0" encoding="UTF-8"?>
<!-- Generated by org.testng.reporters.JUnitReportReporter -->
<testsuite hostname="Smeeti" failures="0" tests="1" name="com.Swaglab.base.BasePo" time="4.425" errors="0" timestamp="2023-08-24T13:39:59 IST" skipped="0">
  <testcase classname="com.Swaglab.base.BasePo" name="BrowserLaunch" time="4.425"/>
  <system-out/>
</testsuite> <!-- com.Swaglab.base.BasePo -->
