<?xml version="1.0" encoding="UTF-8"?>
<!-- Generated by org.testng.reporters.JUnitReportReporter -->
<testsuite hostname="Smeeti" failures="0" tests="4" name="com.swaglab.Tests.HomepageTest" time="9.795" errors="0" timestamp="2023-08-22T22:12:19 IST" skipped="0">
  <testcase classname="com.swaglab.Tests.HomepageTest" name="VerifyProductAddedToCart" time="0.755"/>
  <system-out/>
  <testcase classname="com.swaglab.Tests.HomepageTest" name="VerifyErrorMessageForYourInformationPageFields" time="6.212"/>
  <system-out/>
  <testcase classname="com.swaglab.Tests.HomepageTest" name="LoginToApplication" time="2.665"/>
  <system-out/>
  <testcase classname="com.swaglab.Tests.HomepageTest" name="VerifyUserAddedProductToCartSuccessfully" time="0.163"/>
  <system-out/>
</testsuite> <!-- com.swaglab.Tests.HomepageTest -->
