<?xml version="1.0" encoding="UTF-8"?>
<!-- Generated by org.testng.reporters.JUnitReportReporter -->
<testsuite skipped="0" hostname="Smeeti" name="com.homepageTest.LoginTest" tests="7" failures="0" timestamp="2023-07-04T18:21:51 IST" time="2.782" errors="0">
  <testcase name="VerifyUserLoginSuccessfully" time="2.212" classname="com.homepageTest.LoginTest"/>
  <system-out/>
  <testcase name="VerifyErrorMessageAfterEnterInvalidCredential" time="0.388" classname="com.homepageTest.LoginTest"/>
  <system-out/>
  <testcase name="verifyProductName" time="0.026" classname="com.homepageTest.LoginTest"/>
  <system-out/>
  <testcase name="verifyProductPrice" time="0.026" classname="com.homepageTest.LoginTest"/>
  <system-out/>
  <testcase name="verifyClickOnAddCart" time="0.062" classname="com.homepageTest.LoginTest"/>
  <system-out/>
  <testcase name="verifyISRemoveButton" time="0.038" classname="com.homepageTest.LoginTest"/>
  <system-out/>
  <testcase name="verifyLogo" time="0.030" classname="com.homepageTest.LoginTest"/>
  <system-out/>
</testsuite> <!-- com.homepageTest.LoginTest -->
