<?xml version="1.0" encoding="UTF-8"?>
<!-- Generated by org.testng.reporters.JUnitReportReporter -->
<testsuite skipped="0" hostname="Smeeti" name="com.opencart.base.BasePo" tests="1" failures="0" timestamp="2023-07-03T23:07:21 IST" time="6.752" errors="0">
  <testcase name="BrowserLaunch" time="6.752" classname="com.opencart.base.BasePo"/>
  <system-out/>
</testsuite> <!-- com.opencart.base.BasePo -->
