<?xml version="1.0" encoding="UTF-8"?>
<!-- Generated by org.testng.reporters.JUnitReportReporter -->
<testsuite hostname="Smeeti" failures="0" tests="2" name="com.swaglab.Tests.LoginTest" time="3.266" errors="0" timestamp="2023-08-24T22:46:54 IST" skipped="0">
  <testcase classname="com.swaglab.Tests.LoginTest" name="VerifyErrorMessageAfterEnterInvalidCredential" time="0.553"/>
  <system-out/>
  <testcase classname="com.swaglab.Tests.LoginTest" name="VerifyUserLoginSuccessfully" time="2.713"/>
  <system-out/>
</testsuite> <!-- com.swaglab.Tests.LoginTest -->
