<?xml version="1.0" encoding="UTF-8"?>
<!-- Generated by org.testng.reporters.JUnitReportReporter -->
<testsuite skipped="0" hostname="Smeeti" name="com.swaglab.Tests.OverviewTest" tests="1" failures="0" timestamp="2023-07-08T16:17:25 IST" time="4.673" errors="0">
  <testcase name="VerifyProductAddedOnOverViewPage" time="4.673" classname="com.swaglab.Tests.OverviewTest"/>
  <system-out/>
</testsuite> <!-- com.swaglab.Tests.OverviewTest -->
